0 info it worked if it ends with ok
1 verbose cli [ '/usr/bin/node', '/usr/bin/npm', 'publish', '--timing' ]
2 info using npm@3.5.2
3 info using node@v8.10.0
4 verbose publish [ '.' ]
5 silly cache add args [ '.', null ]
6 verbose cache add spec .
7 silly cache add parsed spec Result {
7 silly cache add   raw: '.',
7 silly cache add   scope: null,
7 silly cache add   name: null,
7 silly cache add   rawSpec: '.',
7 silly cache add   spec: '/home/moringa/Desktop/Moringa-projects/Pre-prep',
7 silly cache add   type: 'directory' }
8 verbose addLocalDirectory /home/moringa/.npm/drink-or-drive/1.0.0/package.tgz not in flight; packing
9 info lifecycle drink-or-drive@1.0.0~prepublish: drink-or-drive@1.0.0
10 silly lifecycle drink-or-drive@1.0.0~prepublish: no script for prepublish, continuing
11 verbose tar pack [ '/home/moringa/.npm/drink-or-drive/1.0.0/package.tgz',
11 verbose tar pack   '/home/moringa/Desktop/Moringa-projects/Pre-prep' ]
12 verbose tarball /home/moringa/.npm/drink-or-drive/1.0.0/package.tgz
13 verbose folder /home/moringa/Desktop/Moringa-projects/Pre-prep
14 verbose addLocalTarball adding from inside cache /home/moringa/.npm/drink-or-drive/1.0.0/package.tgz
15 silly cache afterAdd drink-or-drive@1.0.0
16 verbose afterAdd /home/moringa/.npm/drink-or-drive/1.0.0/package/package.json not in flight; writing
17 verbose afterAdd /home/moringa/.npm/drink-or-drive/1.0.0/package/package.json written
18 silly publish { name: 'drink-or-drive',
18 silly publish   version: '1.0.0',
18 silly publish   description: 'Pre-prep project.A webbsite to hire RVs and learn how to make cocktails',
18 silly publish   main: 'index.js',
18 silly publish   scripts: { test: 'test' },
18 silly publish   repository:
18 silly publish    { type: 'git',
18 silly publish      url: 'git+https://github.com/Dennis-Kiambi/drinkordrive.git' },
18 silly publish   keywords: [ 'Recreational', 'vehicles' ],
18 silly publish   author: { name: 'Dennis Kiambi' },
18 silly publish   license: 'ISC',
18 silly publish   bugs: { url: 'https://github.com/Dennis-Kiambi/drinkordrive/issues' },
18 silly publish   homepage: 'https://github.com/Dennis-Kiambi/drinkordrive#readme',
18 silly publish   readme: 'Drink or Drive\n\nMake a choice\n',
18 silly publish   readmeFilename: 'README.md',
18 silly publish   gitHead: '7bf17acf498babb2558cad02e8778d9ccdc4ccf8',
18 silly publish   _id: 'drink-or-drive@1.0.0',
18 silly publish   _shasum: '3085275d06336bea487e430f0c533c175a3a0453',
18 silly publish   _from: '.' }
19 verbose getPublishConfig undefined
20 silly mapToRegistry name drink-or-drive
21 silly mapToRegistry using default registry
22 silly mapToRegistry registry https://registry.npmjs.org/
23 silly mapToRegistry uri https://registry.npmjs.org/drink-or-drive
24 verbose publish registryBase https://registry.npmjs.org/
25 silly publish uploading /home/moringa/.npm/drink-or-drive/1.0.0/package.tgz
26 verbose stack Error: auth required for publishing
26 verbose stack     at CachingRegistryClient.publish (/usr/share/npm/node_modules/npm-registry-client/lib/publish.js:30:14)
26 verbose stack     at /usr/share/npm/lib/publish.js:137:14
26 verbose stack     at mapToRegistry (/usr/share/npm/lib/utils/map-to-registry.js:55:3)
26 verbose stack     at publish_ (/usr/share/npm/lib/publish.js:106:3)
26 verbose stack     at Array.<anonymous> (/usr/share/npm/node_modules/slide/lib/bind-actor.js:15:8)
26 verbose stack     at LOOP (/usr/share/npm/node_modules/slide/lib/chain.js:15:14)
26 verbose stack     at LOOP (/usr/share/npm/node_modules/slide/lib/chain.js:14:28)
26 verbose stack     at chain (/usr/share/npm/node_modules/slide/lib/chain.js:20:5)
26 verbose stack     at /usr/share/npm/lib/publish.js:72:5
26 verbose stack     at RES (/usr/share/npm/node_modules/inflight/inflight.js:23:14)
27 verbose cwd /home/moringa/Desktop/Moringa-projects/Pre-prep
28 error Linux 4.15.0-112-generic
29 error argv "/usr/bin/node" "/usr/bin/npm" "publish" "--timing"
30 error node v8.10.0
31 error npm  v3.5.2
32 error code ENEEDAUTH
33 error need auth auth required for publishing
34 error need auth You need to authorize this machine using `npm adduser`
35 verbose exit [ 1, true ]
